<?xml version="1.0" encoding="UTF-8"?>
<testng-results ignored="0" total="1" passed="1" failed="0" skipped="0">
  <reporter-output>
  </reporter-output>
  <suite started-at="2024-07-09T18:23:46 IST" name="Default suite" finished-at="2024-07-09T18:23:53 IST" duration-ms="6991">
    <groups>
      <group name="REGRESSION">
        <method signature="HomePageTest.validateBackendConnection()[pri:0, instance:org.selenium.tests.HomePageTest@6025e1b6]" name="validateBackendConnection" class="org.selenium.tests.HomePageTest"/>
      </group> <!-- REGRESSION -->
      <group name="BVT">
        <method signature="HomePageTest.validateBackendConnection()[pri:0, instance:org.selenium.tests.HomePageTest@6025e1b6]" name="validateBackendConnection" class="org.selenium.tests.HomePageTest"/>
      </group> <!-- BVT -->
      <group name="SANITY">
        <method signature="HomePageTest.validateBackendConnection()[pri:0, instance:org.selenium.tests.HomePageTest@6025e1b6]" name="validateBackendConnection" class="org.selenium.tests.HomePageTest"/>
      </group> <!-- SANITY -->
    </groups>
    <test started-at="2024-07-09T18:23:46 IST" name="Default test" finished-at="2024-07-09T18:23:53 IST" duration-ms="6991">
      <class name="org.selenium.tests.HomePageTest">
        <test-method is-config="true" signature="startDriver(java.lang.String)[pri:0, instance:org.selenium.tests.HomePageTest@6025e1b6]" started-at="2024-07-09T18:23:46 IST" name="startDriver" finished-at="2024-07-09T18:23:51 IST" duration-ms="4957" status="PASS">
          <params>
            <param index="0">
              <value is-null="true"/>
            </param>
          </params>
          <reporter-output>
          </reporter-output>
        </test-method> <!-- startDriver -->
        <test-method signature="validateBackendConnection()[pri:0, instance:org.selenium.tests.HomePageTest@6025e1b6]" started-at="2024-07-09T18:23:51 IST" name="validateBackendConnection" finished-at="2024-07-09T18:23:53 IST" duration-ms="1773" status="PASS">
          <reporter-output>
          </reporter-output>
        </test-method> <!-- validateBackendConnection -->
        <test-method is-config="true" signature="quitDriver(java.lang.String,org.testng.ITestResult)[pri:0, instance:org.selenium.tests.HomePageTest@6025e1b6]" started-at="2024-07-09T18:23:53 IST" name="quitDriver" finished-at="2024-07-09T18:23:53 IST" duration-ms="195" status="PASS">
          <params>
            <param index="0">
              <value is-null="true"/>
            </param>
            <param index="1">
              <value>
                <![CDATA[[TestResult name=validateBackendConnection status=SUCCESS method=HomePageTest.validateBackendConnection()[pri:0, instance:org.selenium.tests.HomePageTest@6025e1b6] output={null}]]]>
              </value>
            </param>
          </params>
          <reporter-output>
          </reporter-output>
        </test-method> <!-- quitDriver -->
      </class> <!-- org.selenium.tests.HomePageTest -->
    </test> <!-- Default test -->
  </suite> <!-- Default suite -->
</testng-results>
